<?xml version="1.0" encoding="UTF-8"?>
<!-- Generated by org.testng.reporters.JUnitXMLReporter -->
<testsuite ignored="0" hostname="DESKTOP-P1FCQBS" failures="0" tests="6" name="Default test" time="117.434" errors="0" timestamp="2024-05-26T19:25:15 IST">
  <testcase classname="com.TestNG.Amazon" name="InvalidLogin" time="11.416"/>
  <testcase classname="com.TestNG.Amazon" name="ValidLoginTest" time="8.164"/>
  <testcase classname="com.TestNG.Amazon" name="Umbrella" time="24.869"/>
  <testcase classname="com.TestNG.Amazon" name="MobilePhone" time="31.468"/>
  <testcase classname="com.TestNG.Amazon" name="Furniture" time="18.028"/>
  <testcase classname="com.TestNG.Amazon" name="CheckOutPayment" time="19.944"/>
</testsuite> <!-- Default test -->
